<?xml version="1.0" encoding="UTF-8"?>
<testsuites>
  <testsuite name="Mars" tests="45" assertions="102" failures="0" errors="0" time="1.084887">
    <testsuite name="Tests_Unit_MissionTest" file="/Applications/MAMP/htdocs/Mars/Tests/Controllers/MissionTest.php" fullPackage="Tests.Unit" tests="11" assertions="24" failures="0" errors="0" time="0.435244">
      <testcase name="testGetError" class="Tests_Unit_MissionTest" file="/Applications/MAMP/htdocs/Mars/Tests/Controllers/MissionTest.php" line="9" assertions="2" time="0.041633"/>
      <testcase name="testHasErrors" class="Tests_Unit_MissionTest" file="/Applications/MAMP/htdocs/Mars/Tests/Controllers/MissionTest.php" line="18" assertions="2" time="0.005077"/>
      <testcase name="testHasError" class="Tests_Unit_MissionTest" file="/Applications/MAMP/htdocs/Mars/Tests/Controllers/MissionTest.php" line="27" assertions="2" time="0.003003"/>
      <testcase name="testAddErrors" class="Tests_Unit_MissionTest" file="/Applications/MAMP/htdocs/Mars/Tests/Controllers/MissionTest.php" line="35" assertions="1" time="0.002593"/>
      <testcase name="testStartWithoutErrors" class="Tests_Unit_MissionTest" file="/Applications/MAMP/htdocs/Mars/Tests/Controllers/MissionTest.php" line="47" assertions="3" time="0.106131"/>
      <testcase name="testInitNoErrors" class="Tests_Unit_MissionTest" file="/Applications/MAMP/htdocs/Mars/Tests/Controllers/MissionTest.php" line="73" assertions="4" time="0.112446"/>
      <testcase name="testInitGridErrors" class="Tests_Unit_MissionTest" file="/Applications/MAMP/htdocs/Mars/Tests/Controllers/MissionTest.php" line="110" assertions="3" time="0.051940"/>
      <testcase name="testInitRobotErrors" class="Tests_Unit_MissionTest" file="/Applications/MAMP/htdocs/Mars/Tests/Controllers/MissionTest.php" line="137" assertions="4" time="0.102033"/>
      <testcase name="testGetRobot" class="Tests_Unit_MissionTest" file="/Applications/MAMP/htdocs/Mars/Tests/Controllers/MissionTest.php" line="174" assertions="1" time="0.003786"/>
      <testcase name="testGetGrid" class="Tests_Unit_MissionTest" file="/Applications/MAMP/htdocs/Mars/Tests/Controllers/MissionTest.php" line="180" assertions="1" time="0.002583"/>
      <testcase name="testClear" class="Tests_Unit_MissionTest" file="/Applications/MAMP/htdocs/Mars/Tests/Controllers/MissionTest.php" line="186" assertions="1" time="0.004019"/>
    </testsuite>
    <testsuite name="Tests_Unit_GridTest" file="/Applications/MAMP/htdocs/Mars/Tests/Model/GridTest.php" fullPackage="Tests.Unit" tests="3" assertions="7" failures="0" errors="0" time="0.033838">
      <testcase name="testSetParams" class="Tests_Unit_GridTest" file="/Applications/MAMP/htdocs/Mars/Tests/Model/GridTest.php" line="7" assertions="2" time="0.027134"/>
      <testcase name="testValidateCorrect" class="Tests_Unit_GridTest" file="/Applications/MAMP/htdocs/Mars/Tests/Model/GridTest.php" line="22" assertions="1" time="0.002596"/>
      <testcase name="testValidateIncorrect" class="Tests_Unit_GridTest" file="/Applications/MAMP/htdocs/Mars/Tests/Model/GridTest.php" line="29" assertions="4" time="0.004108"/>
    </testsuite>
    <testsuite name="Tests_Unit_RobotTest" file="/Applications/MAMP/htdocs/Mars/Tests/Model/RobotTest.php" fullPackage="Tests.Unit" tests="31" assertions="71" failures="0" errors="0" time="0.615804">
      <testcase name="testMapDirections" class="Tests_Unit_RobotTest" file="/Applications/MAMP/htdocs/Mars/Tests/Model/RobotTest.php" line="7" assertions="1" time="0.002439"/>
      <testcase name="testSetGetGrid" class="Tests_Unit_RobotTest" file="/Applications/MAMP/htdocs/Mars/Tests/Model/RobotTest.php" line="13" assertions="1" time="0.002543"/>
      <testcase name="testSetParams" class="Tests_Unit_RobotTest" file="/Applications/MAMP/htdocs/Mars/Tests/Model/RobotTest.php" line="22" assertions="2" time="0.055305"/>
      <testcase name="testSetPosition" class="Tests_Unit_RobotTest" file="/Applications/MAMP/htdocs/Mars/Tests/Model/RobotTest.php" line="47" assertions="5" time="0.057677"/>
      <testcase name="testSetPositionDoesntValidate" class="Tests_Unit_RobotTest" file="/Applications/MAMP/htdocs/Mars/Tests/Model/RobotTest.php" line="75" assertions="5" time="0.023063"/>
      <testcase name="testSetInstructions" class="Tests_Unit_RobotTest" file="/Applications/MAMP/htdocs/Mars/Tests/Model/RobotTest.php" line="99" assertions="3" time="0.019260"/>
      <testcase name="testSetInstructionsDoesntValidate" class="Tests_Unit_RobotTest" file="/Applications/MAMP/htdocs/Mars/Tests/Model/RobotTest.php" line="113" assertions="3" time="0.015007"/>
      <testcase name="testValidateInstructions" class="Tests_Unit_RobotTest" file="/Applications/MAMP/htdocs/Mars/Tests/Model/RobotTest.php" line="127" assertions="3" time="0.041276"/>
      <testcase name="testDrive" class="Tests_Unit_RobotTest" file="/Applications/MAMP/htdocs/Mars/Tests/Model/RobotTest.php" line="139" assertions="2" time="0.047957"/>
      <testcase name="testForwardEast" class="Tests_Unit_RobotTest" file="/Applications/MAMP/htdocs/Mars/Tests/Model/RobotTest.php" line="164" assertions="2" time="0.026374"/>
      <testcase name="testForwardWest" class="Tests_Unit_RobotTest" file="/Applications/MAMP/htdocs/Mars/Tests/Model/RobotTest.php" line="183" assertions="2" time="0.022148"/>
      <testcase name="testForwardNorth" class="Tests_Unit_RobotTest" file="/Applications/MAMP/htdocs/Mars/Tests/Model/RobotTest.php" line="202" assertions="2" time="0.022090"/>
      <testcase name="testForwardSouth" class="Tests_Unit_RobotTest" file="/Applications/MAMP/htdocs/Mars/Tests/Model/RobotTest.php" line="221" assertions="2" time="0.021950"/>
      <testcase name="testMoveForward" class="Tests_Unit_RobotTest" file="/Applications/MAMP/htdocs/Mars/Tests/Model/RobotTest.php" line="240" assertions="2" time="0.013196"/>
      <testcase name="testMoveForwardOutOfGrid" class="Tests_Unit_RobotTest" file="/Applications/MAMP/htdocs/Mars/Tests/Model/RobotTest.php" line="253" assertions="2" time="0.016206"/>
      <testcase name="testCheckIfLostHasScent" class="Tests_Unit_RobotTest" file="/Applications/MAMP/htdocs/Mars/Tests/Model/RobotTest.php" line="268" assertions="2" time="0.032324"/>
      <testcase name="testCheckIfLostNoScent" class="Tests_Unit_RobotTest" file="/Applications/MAMP/htdocs/Mars/Tests/Model/RobotTest.php" line="285" assertions="3" time="0.044841"/>
      <testcase name="testGetStep" class="Tests_Unit_RobotTest" file="/Applications/MAMP/htdocs/Mars/Tests/Model/RobotTest.php" line="304" assertions="4" time="0.004087"/>
      <testcase name="testTurn" class="Tests_Unit_RobotTest" file="/Applications/MAMP/htdocs/Mars/Tests/Model/RobotTest.php" line="321" assertions="4" time="0.004056"/>
      <testcase name="testValidatePositionNotEnoughParams" class="Tests_Unit_RobotTest" file="/Applications/MAMP/htdocs/Mars/Tests/Model/RobotTest.php" line="342" assertions="2" time="0.019927"/>
      <testcase name="testValidatePositionIncorrectLessThan0" class="Tests_Unit_RobotTest" file="/Applications/MAMP/htdocs/Mars/Tests/Model/RobotTest.php" line="356" assertions="2" time="0.027100"/>
      <testcase name="testValidatePositionCorrect" class="Tests_Unit_RobotTest" file="/Applications/MAMP/htdocs/Mars/Tests/Model/RobotTest.php" line="376" assertions="2" time="0.027126"/>
      <testcase name="testValidatePositionIncorrectOutsideGrid" class="Tests_Unit_RobotTest" file="/Applications/MAMP/htdocs/Mars/Tests/Model/RobotTest.php" line="396" assertions="2" time="0.027104"/>
      <testcase name="testGetPositionArray" class="Tests_Unit_RobotTest" file="/Applications/MAMP/htdocs/Mars/Tests/Model/RobotTest.php" line="416" assertions="1" time="0.002538"/>
      <testcase name="testToString" class="Tests_Unit_RobotTest" file="/Applications/MAMP/htdocs/Mars/Tests/Model/RobotTest.php" line="423" assertions="2" time="0.022878"/>
      <testcase name="testGetLostString" class="Tests_Unit_RobotTest" file="/Applications/MAMP/htdocs/Mars/Tests/Model/RobotTest.php" line="443" assertions="2" time="0.002987"/>
      <testcase name="testGetNumericDirection" class="Tests_Unit_RobotTest" file="/Applications/MAMP/htdocs/Mars/Tests/Model/RobotTest.php" line="452" assertions="2" time="0.003082"/>
      <testcase name="testGetDirectionLetter" class="Tests_Unit_RobotTest" file="/Applications/MAMP/htdocs/Mars/Tests/Model/RobotTest.php" line="459" assertions="2" time="0.003160"/>
      <testcase name="testAddAnotherScent" class="Tests_Unit_RobotTest" file="/Applications/MAMP/htdocs/Mars/Tests/Model/RobotTest.php" line="470" assertions="1" time="0.002549"/>
      <testcase name="testAddScent" class="Tests_Unit_RobotTest" file="/Applications/MAMP/htdocs/Mars/Tests/Model/RobotTest.php" line="480" assertions="1" time="0.002518"/>
      <testcase name="testHasScent" class="Tests_Unit_RobotTest" file="/Applications/MAMP/htdocs/Mars/Tests/Model/RobotTest.php" line="490" assertions="2" time="0.003035"/>
    </testsuite>
  </testsuite>
</testsuites>
